This is e-pTeX, Version 3.14159265-p3.8.2-190908-2.6 (utf8.euc) (TeX Live 2019/Debian) (preloaded format=platex 2020.10.18)  13 JAN 2021 17:51
entering extended mode
 restricted \write18 enabled.
 %&-line parsing enabled.
**repo.tex
(./repo.tex
pLaTeX2e <2020-02-02>+2 (based on LaTeX2e <2020-02-02> patch level 2)
L3 programming layer <2020-02-14> (/usr/share/texlive/texmf-dist/tex/platex/bas
e/jarticle.cls
Document Class: jarticle 2020/01/03 v1.8e Standard pLaTeX class
\c@@paper=\count166
(/usr/share/texlive/texmf-dist/tex/platex/base/jsize10.clo
File: jsize10.clo 2020/01/03 v1.8e Standard pLaTeX file (size option)
)
\c@part=\count167
\c@section=\count168
\c@subsection=\count169
\c@subsubsection=\count170
\c@paragraph=\count171
\c@subparagraph=\count172
\c@figure=\count173
\c@table=\count174
\abovecaptionskip=\skip47
\belowcaptionskip=\skip48
\symmincho=\mathgroup4
LaTeX Font Info:    Overwriting symbol font `mincho' in version `bold'
(Font)                  JY1/mc/m/n --> JY1/gt/m/n on input line 615.
\toclineskip=\dimen150
\@lnumwidth=\dimen151
\bibindent=\dimen152
\heisei=\count175
) (/usr/share/texlive/texmf-dist/tex/latex/graphics/graphicx.sty
Package: graphicx 2019/11/30 v1.2a Enhanced LaTeX Graphics (DPC,SPQR)
(/usr/share/texlive/texmf-dist/tex/latex/graphics/keyval.sty
Package: keyval 2014/10/28 v1.15 key=value parser (DPC)
\KV@toks@=\toks15
) (/usr/share/texlive/texmf-dist/tex/latex/graphics/graphics.sty
Package: graphics 2019/11/30 v1.4a Standard LaTeX Graphics (DPC,SPQR)
(/usr/share/texlive/texmf-dist/tex/latex/graphics/trig.sty
Package: trig 2016/01/03 v1.10 sin cos tan (DPC)
) (/usr/share/texlive/texmf-dist/tex/latex/graphics-cfg/graphics.cfg
File: graphics.cfg 2016/06/04 v1.11 sample graphics configuration
)
Package graphics Info: Driver file: dvipdfmx.def on input line 105.
(/usr/share/texlive/texmf-dist/tex/latex/graphics-def/dvipdfmx.def
File: dvipdfmx.def 2017/06/24 v5.0g Graphics/color driver for dvipdfmx
))
\Gin@req@height=\dimen153
\Gin@req@width=\dimen154
) (/usr/share/texlive/texmf-dist/tex/latex/geometry/geometry.sty
Package: geometry 2020/01/02 v5.9 Page Geometry
(/usr/share/texlive/texmf-dist/tex/generic/iftex/ifvtex.sty
Package: ifvtex 2019/10/25 v1.7 ifvtex legacy package. Use iftex instead.
(/usr/share/texlive/texmf-dist/tex/generic/iftex/iftex.sty
Package: iftex 2019/11/07 v1.0c TeX engine tests
))
\Gm@cnth=\count176
\Gm@cntv=\count177
\c@Gm@tempcnt=\count178
\Gm@bindingoffset=\dimen155
\Gm@wd@mp=\dimen156
\Gm@odd@mp=\dimen157
\Gm@even@mp=\dimen158
\Gm@layoutwidth=\dimen159
\Gm@layoutheight=\dimen160
\Gm@layouthoffset=\dimen161
\Gm@layoutvoffset=\dimen162
\Gm@dimlist=\toks16
) (/usr/share/texlive/texmf-dist/tex/latex/ascmac/ascmac.sty
Package: ascmac 2020/01/15 v2.1 ascmac wrapper (community edition) 
(/usr/share/texlive/texmf-dist/tex/latex/ascmac/tascmac.sty
Package: tascmac 2020/01/15 v2.1 ascmac package (community edition) 
\@savetbaselineshift=\dimen163
\@saveybaselineshift=\dimen164
\scb@x=\box61
\scscb@x=\box62
\@bw=\dimen165
\@nbox=\box63
\@nbody=\box64
\@scw=\dimen166
\ascmac@hoboxa=\box65
\ascmac@hoboxb=\box66
\@itemh=\dimen167
\@iboxpos=\toks17
\@iboxstr=\box67
\@bwsp=\box68
\@@bwsp=\box69
\@bcal=\count179
\shaderule=\dimen168
)) (/usr/share/texlive/texmf-dist/tex/latex/tools/array.sty
Package: array 2019/08/31 v2.4l Tabular extension package (FMi)
\col@sep=\dimen169
\ar@mcellbox=\box70
\extrarowheight=\dimen170
\NC@list=\toks18
\extratabsurround=\skip49
\backup@length=\skip50
\ar@cellbox=\box71
) (/usr/share/texlive/texmf-dist/tex/latex/here/here.sty) (/usr/share/texlive/t
exmf-dist/tex/latex/float/float.sty
Package: float 2001/11/08 v1.3d Float enhancements (AL)
\c@float@type=\count180
\float@exts=\toks19
\float@box=\box72
\@float@everytoks=\toks20
\@floatcapt=\box73
) (/usr/share/texlive/texmf-dist/tex/latex/url/url.sty
\Urlmuskip=\muskip16
Package: url 2013/09/16  ver 3.4  Verb mode for urls, etc.
) (/usr/share/texlive/texmf-dist/tex/latex/listings/listings.sty
\lst@mode=\count181
\lst@gtempboxa=\box74
\lst@token=\toks21
\lst@length=\count182
\lst@currlwidth=\dimen171
\lst@column=\count183
\lst@pos=\count184
\lst@lostspace=\dimen172
\lst@width=\dimen173
\lst@newlines=\count185
\lst@lineno=\count186
\lst@maxwidth=\dimen174
(/usr/share/texlive/texmf-dist/tex/latex/listings/lstmisc.sty
File: lstmisc.sty 2019/09/10 1.8c (Carsten Heinz)
\c@lstnumber=\count187
\lst@skipnumbers=\count188
\lst@framebox=\box75
) (/usr/share/texlive/texmf-dist/tex/latex/listings/listings.cfg
File: listings.cfg 2019/09/10 1.8c listings configuration
))
Package: listings 2019/09/10 1.8c (Carsten Heinz)
(./jlisting.sty
Package: jlisting 2006/02/20 0.2 (Thor)
\lst@nextchar=\count189
\lst@inputfile=\read2
) (/usr/share/texlive/texmf-dist/tex/latex/listings/lstlang1.sty
File: lstlang1.sty 2019/09/10 1.8c listings language file
) (/usr/share/texlive/texmf-dist/tex/latex/listings/lstmisc.sty
File: lstmisc.sty 2019/09/10 1.8c (Carsten Heinz)
) (/usr/share/texlive/texmf-dist/tex/latex/l3backend/l3backend-dvips.def
File: l3backend-dvips.def 2020-02-03 L3 backend support: dvips
\l__pdf_internal_box=\box76
\g__pdf_backend_object_int=\count190
\l__pdf_backend_content_box=\box77
\l__pdf_backend_model_box=\box78
\g__pdf_backend_annotation_int=\count191
\g__pdf_backend_link_int=\count192
\g__pdf_backend_link_sf_int=\count193
) (./repo.aux)
\openout1 = `repo.aux'.

LaTeX Font Info:    Checking defaults for OML/cmm/m/it on input line 52.
LaTeX Font Info:    ... okay on input line 52.
LaTeX Font Info:    Checking defaults for OMS/cmsy/m/n on input line 52.
LaTeX Font Info:    ... okay on input line 52.
LaTeX Font Info:    Checking defaults for OT1/cmr/m/n on input line 52.
LaTeX Font Info:    ... okay on input line 52.
LaTeX Font Info:    Checking defaults for T1/cmr/m/n on input line 52.
LaTeX Font Info:    ... okay on input line 52.
LaTeX Font Info:    Checking defaults for TS1/cmr/m/n on input line 52.
LaTeX Font Info:    ... okay on input line 52.
LaTeX Font Info:    Checking defaults for OMX/cmex/m/n on input line 52.
LaTeX Font Info:    ... okay on input line 52.
LaTeX Font Info:    Checking defaults for U/cmr/m/n on input line 52.
LaTeX Font Info:    ... okay on input line 52.
LaTeX Font Info:    Checking defaults for JY1/mc/m/n on input line 52.
LaTeX Font Info:    ... okay on input line 52.
LaTeX Font Info:    Checking defaults for JT1/mc/m/n on input line 52.
LaTeX Font Info:    ... okay on input line 52.
*geometry* driver: auto-detecting
*geometry* detected driver: dvips
*geometry* verbose mode - [ preamble ] result:
* driver: dvips
* paper: <default>
* layout: <same size as paper>
* layoutoffset:(h,v)=(0.0pt,0.0pt)
* modes: 
* h-part:(L,W,R)=(71.13188pt, 455.24411pt, 71.13188pt)
* v-part:(T,H,B)=(71.13188pt, 702.78308pt, 71.13188pt)
* \paperwidth=597.50787pt
* \paperheight=845.04684pt
* \textwidth=455.24411pt
* \textheight=702.78308pt
* \oddsidemargin=-1.1381pt
* \evensidemargin=-1.1381pt
* \topmargin=-38.1381pt
* \headheight=12.0pt
* \headsep=25.0pt
* \topskip=7.77588pt
* \footskip=30.0pt
* \marginparwidth=60.0pt
* \marginparsep=10.0pt
* \columnsep=19.24432pt
* \skip\footins=9.0pt plus 4.0pt minus 2.0pt
* \hoffset=0.0pt
* \voffset=0.0pt
* \mag=1000
* \@twocolumnfalse
* \@twosidefalse
* \@mparswitchfalse
* \@reversemarginfalse
* (1in=72.27pt=25.4mm, 1cm=28.453pt)

\c@lstlisting=\count194
LaTeX Font Info:    Font shape `JT1/mc/b/n' in size <17.28> not available
(Font)              Font shape `JT1/mc/bx/n' tried instead on input line 53.
LaTeX Font Info:    Font shape `JT1/mc/bx/n' in size <17.28> not available
(Font)              Font shape `JT1/gt/m/n' tried instead on input line 53.
LaTeX Font Info:    Font shape `JY1/mc/b/n' in size <17.28> not available
(Font)              Font shape `JY1/mc/bx/n' tried instead on input line 53.
LaTeX Font Info:    Font shape `JY1/mc/bx/n' in size <17.28> not available
(Font)              Font shape `JY1/gt/m/n' tried instead on input line 53.
[1

]
LaTeX Font Info:    Font shape `JT1/mc/b/n' in size <14.4> not available
(Font)              Font shape `JT1/mc/bx/n' tried instead on input line 57.
LaTeX Font Info:    Font shape `JT1/mc/bx/n' in size <14.4> not available
(Font)              Font shape `JT1/gt/m/n' tried instead on input line 57.
LaTeX Font Info:    Font shape `JY1/mc/b/n' in size <14.4> not available
(Font)              Font shape `JY1/mc/bx/n' tried instead on input line 57.
LaTeX Font Info:    Font shape `JY1/mc/bx/n' in size <14.4> not available
(Font)              Font shape `JY1/gt/m/n' tried instead on input line 57.
LaTeX Font Info:    Font shape `JT1/mc/b/n' in size <12> not available
(Font)              Font shape `JT1/mc/bx/n' tried instead on input line 69.
LaTeX Font Info:    Font shape `JT1/mc/bx/n' in size <12> not available
(Font)              Font shape `JT1/gt/m/n' tried instead on input line 69.
LaTeX Font Info:    Font shape `JY1/mc/b/n' in size <12> not available
(Font)              Font shape `JY1/mc/bx/n' tried instead on input line 69.
LaTeX Font Info:    Font shape `JY1/mc/bx/n' in size <12> not available
(Font)              Font shape `JY1/gt/m/n' tried instead on input line 69.
File: player1.png Graphic file (type bmp)
<player1.png>
LaTeX Font Info:    External font `cmex10' loaded for size
(Font)              <7> on input line 87.
LaTeX Font Info:    External font `cmex10' loaded for size
(Font)              <5> on input line 87.
[1

]
File: bukkenex.eps Graphic file (type eps)
<bukkenex.eps>
File: processgame.eps Graphic file (type eps)
<processgame.eps>
[2]
File: map.eps Graphic file (type eps)
<map.eps>
[3] [4] [5] [6]
File: sp4.png Graphic file (type bmp)
<sp4.png>
[7] [8]

LaTeX Font Warning: Font shape `JT1/mc/m/it' undefined
(Font)              using `JT1/mc/m/n' instead on input line 341.


LaTeX Font Warning: Font shape `JY1/mc/m/it' undefined
(Font)              using `JY1/mc/m/n' instead on input line 341.

LaTeX Font Info:    Font shape `JT1/mc/b/n' in size <8> not available
(Font)              Font shape `JT1/mc/bx/n' tried instead on input line 342.
LaTeX Font Info:    Font shape `JT1/mc/bx/n' in size <8> not available
(Font)              Font shape `JT1/gt/m/n' tried instead on input line 342.
LaTeX Font Info:    Font shape `JY1/mc/b/n' in size <8> not available
(Font)              Font shape `JY1/mc/bx/n' tried instead on input line 342.
LaTeX Font Info:    Font shape `JY1/mc/bx/n' in size <8> not available
(Font)              Font shape `JY1/gt/m/n' tried instead on input line 342.
LaTeX Font Info:    Font shape `OT1/cmtt/bx/n' in size <8> not available
(Font)              Font shape `OT1/cmtt/m/n' tried instead on input line 342.
[9] [10]
LaTeX Font Info:    Trying to load font information for OMS+cmr on input line 4
34.
(/usr/share/texlive/texmf-dist/tex/latex/base/omscmr.fd
File: omscmr.fd 2019/12/16 v2.5j Standard LaTeX font definitions
)
LaTeX Font Info:    Font shape `OMS/cmr/m/n' in size <10> not available
(Font)              Font shape `OMS/cmsy/m/n' tried instead on input line 434.
[11]
File: howname.eps Graphic file (type eps)
<howname.eps>
[12] [13] [14] [15] [16] [17] [18] [19] [20] [21] [22] [23] [24] [25] [26]
File: sp4.png Graphic file (type bmp)
<sp4.png>
[27] [28]
File: sp3.png Graphic file (type bmp)
<sp3.png>
File: distflg0.eps Graphic file (type eps)
<distflg0.eps>
[29]
File: distflg1.eps Graphic file (type eps)
<distflg1.eps>
[30] [31]
File: distflg21.eps Graphic file (type eps)
<distflg21.eps>
File: distflg22.eps Graphic file (type eps)
<distflg22.eps>
[32]
File: distflg4.eps Graphic file (type eps)
<distflg4.eps>
[33]
File: mapdesc.eps Graphic file (type eps)
<mapdesc.eps>
[34] [35]
File: mapplay1.eps Graphic file (type eps)
<mapplay1.eps>
[36]
File: maplay2.eps Graphic file (type eps)
<maplay2.eps>
File: maplay3.eps Graphic file (type eps)
<maplay3.eps>
[37] [38] [39]
File: st2p1.eps Graphic file (type eps)
<st2p1.eps>
File: st2p2.eps Graphic file (type eps)
<st2p2.eps>
[40]
File: st2p3.eps Graphic file (type eps)
<st2p3.eps>
[41] [42]
File: st2fl4.eps Graphic file (type eps)
<st2fl4.eps>
File: havacard.eps Graphic file (type eps)
<havacard.eps>
[43] [44]
File: kyukou.eps Graphic file (type eps)
<kyukou.eps>
File: tokkyu.eps Graphic file (type eps)
<tokkyu.eps>
[45]
File: sinkansen.eps Graphic file (type eps)
<sinkansen.eps>
File: samitto.eps Graphic file (type eps)
<samitto.eps>
File: buttobi.eps Graphic file (type eps)
<buttobi.eps>
[46]
File: tenoku.eps Graphic file (type eps)
<tenoku.eps>
File: tokuseirei.eps Graphic file (type eps)
<tokuseirei.eps>
File: kyu.eps Graphic file (type eps)
<kyu.eps>
[47]
File: hirari.eps Graphic file (type eps)
<hirari.eps>
[48]
Overfull \hbox (3.76605pt too wide) in paragraph at lines 2298--2299
[][][][][][][][][][][][][][][][][][][][][][][][][][] 
 []

File: stopdice.eps Graphic file (type eps)
<stopdice.eps>
[49]
File: saikoro4.eps Graphic file (type eps)
<saikoro4.eps>
File: saikoro1r.eps Graphic file (type eps)
<saikoro1r.eps>
[50]
File: saikoro4r.eps Graphic file (type eps)
<saikoro4r.eps>
File: kekka2.eps Graphic file (type eps)
<kekka2.eps>
[51]
File: kekkamigi.eps Graphic file (type eps)
<kekkamigi.eps>
[52] [53] [54] [55] [56]
File: goal.eps Graphic file (type eps)
<goal.eps>
[57]
File: purbutu.eps Graphic file (type eps)
<purbutu.eps>
File: ringo.eps Graphic file (type eps)
<ringo.eps>
File: ringo.eps Graphic file (type eps)
<ringo.eps>
[58] [59] [60]
Overfull \hbox (3.76605pt too wide) in paragraph at lines 2887--2888
[][][][][][][][][][][][][][][][][][][][][][] 
 []

[61]
File: plusmass.eps Graphic file (type eps)
<plusmass.eps>
File: plusresult.eps Graphic file (type eps)
<plusresult.eps>
[62] [63]
File: minus.eps Graphic file (type eps)
<minus.eps>
File: minusresult.eps Graphic file (type eps)
<minusresult.eps>
[64]
File: minus20.eps Graphic file (type eps)
<minus20.eps>
File: minus20result.eps Graphic file (type eps)
<minus20result.eps>
[65]
File: obuse.eps Graphic file (type eps)
<obuse.eps>
File: b5.eps Graphic file (type eps)
<b5.eps>
[66]
File: b6.eps Graphic file (type eps)
<b6.eps>
File: b1.eps Graphic file (type eps)
<b1.eps>
File: hokusai.eps Graphic file (type eps)
<hokusai.eps>
[67] [68] [69] [70] [71]
File: randcard.eps Graphic file (type eps)
<randcard.eps>
File: randresult.eps Graphic file (type eps)
<randresult.eps>
[72]
File: motenai.eps Graphic file (type eps)
<motenai.eps>
[73] [74]
File: sp1.png Graphic file (type bmp)
<sp1.png>
File: shueki.eps Graphic file (type eps)
<shueki.eps>
[75]
File: yorozu.eps Graphic file (type eps)
<yorozu.eps>
File: sisan.eps Graphic file (type eps)
<sisan.eps>
[76]
File: quit.eps Graphic file (type eps)
<quit.eps>
[77] [78] [79] [80] [81] [82] [83] [84] [85]
Overfull \hbox (13.96628pt too wide) in paragraph at lines 4253--4254
[][][][][][][][][][][][][][][][][][][][][][][][][][][][][][][][][][][][][][][][
][][] 
 []

[86] [87] [88] [89] [90] [91] [92] [93] [94] [95]
Overfull \hbox (3.76605pt too wide) in paragraph at lines 4948--4949
[][][][][][][][][][][][][][][][][][][][][][] 
 []

[96] [97] [98] [99] [100] [101] [102] [103] [104] [105] [106] [107] [108] [109]
[110] (./repo.aux)

LaTeX Font Warning: Some font shapes were not available, defaults substituted.

 ) 
Here is how much of TeX's memory you used:
 4506 strings out of 482863
 60561 string characters out of 5959217
 548931 words of memory out of 5000000
 19755 multiletter control sequences out of 15000+600000
 542799 words of font info for 68 fonts, out of 8000000 for 9000
 264 hyphenation exceptions out of 8191
 30i,10n,51p,256b,1754s stack positions out of 5000i,500n,10000p,200000b,80000s

Output written on repo.dvi (111 pages, 904404 bytes).
